<?xml version="1.0" encoding="UTF-8"?>
<!-- Generated by org.testng.reporters.JUnitXMLReporter -->
<testsuite ignored="1" hostname="DESKTOP-B2QSJ40" failures="0" tests="1" name="Default test" time="12.643" errors="0" timestamp="08 Apr 2022 13:30:47 GMT">
  <testcase classname="com.in28minutes.SeleniumStandAloneTest" name="standAlone" time="12.617"/>
  <testcase classname="com.in28minutes.SeleniumStandAloneTest" name="basic" time="0.0">
    <ignored/>
  </testcase> <!-- basic -->
</testsuite> <!-- Default test -->
