<?xml version="1.0" encoding="UTF-8"?>
<testng-results ignored="1" total="2" passed="1" failed="0" skipped="0">
  <reporter-output>
  </reporter-output>
  <suite started-at="2022-04-08T13:30:34Z" name="Default suite" finished-at="2022-04-08T13:30:47Z" duration-ms="12643">
    <groups>
    </groups>
    <test started-at="2022-04-08T13:30:34Z" name="Default test" finished-at="2022-04-08T13:30:47Z" duration-ms="12643">
      <class name="com.in28minutes.SeleniumStandAloneTest">
        <test-method signature="standAlone()[pri:0, instance:com.in28minutes.SeleniumStandAloneTest@53251a66]" started-at="2022-04-08T13:30:34Z" name="standAlone" finished-at="2022-04-08T13:30:47Z" duration-ms="12617" status="PASS">
          <reporter-output>
          </reporter-output>
        </test-method> <!-- standAlone -->
      </class> <!-- com.in28minutes.SeleniumStandAloneTest -->
    </test> <!-- Default test -->
  </suite> <!-- Default suite -->
</testng-results>
